<?xml version="1.0" encoding="UTF-8"?>
<!-- Generated by org.testng.reporters.JUnitReportReporter -->
<testsuite hostname="KEZIYA-T91" failures="0" tests="2" name="Objectrep.scenario2VerifyCandidate" time="18.736" errors="0" timestamp="2022-03-23T03:43:04 IST" skipped="0">
  <testcase classname="Objectrep.scenario2VerifyCandidate" name="beforeTest" time="16.219"/>
  <system-out/>
  <testcase classname="Objectrep.scenario2VerifyCandidate" name="verifyCandidate" time="2.517"/>
  <system-out/>
</testsuite> <!-- Objectrep.scenario2VerifyCandidate -->
