<?xml version="1.0" encoding="UTF-8"?>
<!-- Generated by org.testng.reporters.JUnitReportReporter -->
<testsuite hostname="KEZIYA-T91" failures="0" tests="2" name="Objectrep.scenario1AddCandidate" time="4.106" errors="0" timestamp="2022-03-23T03:43:04 IST" skipped="0">
  <testcase classname="Objectrep.scenario1AddCandidate" name="addCandidate" time="3.710"/>
  <system-out/>
  <testcase classname="Objectrep.scenario1AddCandidate" name="logout" time="0.396"/>
  <system-out/>
</testsuite> <!-- Objectrep.scenario1AddCandidate -->
